1502466868305	geckodriver	INFO	geckodriver 0.18.0
1502466868315	geckodriver	INFO	Listening on 127.0.0.1:51778
1502466870338	geckodriver::marionette	INFO	Starting browser F:\Program Files (x86)\Mozilla Firefox\firefox.exe with args ["-marionette"]
1502466872331	Marionette	INFO	Listening on port 51784
1502466872412	Marionette	WARN	TLS certificate errors will be ignored for this session
JavaScript error: https://g.alicdn.com/vip/login/0.5.50/js/login/nlogin.js?t=20151220, line 1: TypeError: b.cfg.elUserName.focus is not a function

###!!! [Parent][RunMessage] Error: Channel closing: too late to send/recv, messages will be lost

1502467293067	Marionette	INFO	Ceased listening
t

IPDL protocol error: Handler returned error code!

###!!! [Parent][DispatchAsyncMessage] Error: PCameras::Msg_AllDone Processing error: message was deserialized, but the handler returned false (indicating failure)

1502467287673	Marionette	INFO	Ceased listening
cess@resource://gre/modules/Promise.jsm -> resource://gre/modules/Promise-backend.js:922:23
walkerLoop@resource://gre/modules/Promise.jsm -> resource://gre/modules/Promise-backend.js:806:7
scheduleWalkerLoop/<@resource://gre/modules/Promise.jsm -> resource://gre/modules/Promise-backend.js:742:11
Line: 1281, column: 20
console.error: 
  TabSources.prototype._fetchSourceMap threw an exception: SyntaxError: JSON.parse: unexpected character at line 1 column 1 of the JSON data
Stack: SourceMapConsumer@resource://gre/modules/commonjs/toolkit/loader.js -> resource://devtools/shared/sourcemap/source-map.js:1281:20
_fetchSourceMap/fetching<@resource://gre/modules/commonjs/toolkit/loader.js -> resource://devtools/server/actors/utils/TabSources.js:458:19
process@resource://gre/modules/Promise.jsm -> resource://gre/modules/Promise-backend.js:922:23
walkerLoop@resource://gre/modules/Promise.jsm -> resource://gre/modules/Promise-backend.js:806:7
scheduleWalkerLoop/<@resource://gre/modules/Promise.jsm -> resource://gre/modules/Promise-backend.js:742:11
Line: 1281, column: 20
JavaScript warning: chrome://firebug/content/debugger/clients/clientCache.js, line 39: JavaScript 1.6's for-each-in loops are deprecated; consider using ES6 for-of instead

###!!! [Parent][RunMessage] Error: Channel closing: too late to send/recv, messages will be lost

1502466354855	Marionette	INFO	Ceased listening
